<?xml version="1.0" encoding="UTF-8"?>
<testng-results ignored="0" total="1" passed="1" failed="0" skipped="0">
  <reporter-output>
  </reporter-output>
  <suite started-at="2023-06-13T12:54:20 IST" name="Default suite" finished-at="2023-06-13T12:54:53 IST" duration-ms="32950">
    <groups>
    </groups>
    <test started-at="2023-06-13T12:54:20 IST" name="Default test" finished-at="2023-06-13T12:54:53 IST" duration-ms="32950">
      <class name="testCases.GWPolicyFlatCancelTestCase">
        <test-method is-config="true" signature="initiateBrowser()[pri:0, instance:testCases.GWPolicyFlatCancelTestCase@3646a422]" started-at="2023-06-13T12:54:20 IST" name="initiateBrowser" finished-at="2023-06-13T12:54:33 IST" duration-ms="13496" status="PASS">
          <reporter-output>
          </reporter-output>
        </test-method> <!-- initiateBrowser -->
        <test-method signature="validLogin(java.lang.String,java.lang.String,java.lang.String,java.lang.String,java.lang.String,java.lang.String)[pri:0, instance:testCases.GWPolicyFlatCancelTestCase@3646a422]" started-at="2023-06-13T12:54:34 IST" name="validLogin" data-provider="testData" finished-at="2023-06-13T12:54:52 IST" duration-ms="18934" status="PASS">
          <params>
            <param index="0">
              <value>
                <![CDATA[su]]>
              </value>
            </param>
            <param index="1">
              <value>
                <![CDATA[gw]]>
              </value>
            </param>
            <param index="2">
              <value>
                <![CDATA[1037902223]]>
              </value>
            </param>
            <param index="3">
              <value>
                <![CDATA[Insured]]>
              </value>
            </param>
            <param index="4">
              <value>
                <![CDATA[Insured's request - N.O.C]]>
              </value>
            </param>
            <param index="5">
              <value>
                <![CDATA[Lorem Ipsum is simply dummy text of versions of Lorem Ipsum.]]>
              </value>
            </param>
          </params>
          <reporter-output>
          </reporter-output>
        </test-method> <!-- validLogin -->
      </class> <!-- testCases.GWPolicyFlatCancelTestCase -->
    </test> <!-- Default test -->
  </suite> <!-- Default suite -->
</testng-results>
